#
# There is insufficient memory for the Java Runtime Environment to continue.
# Native memory allocation (malloc) failed to allocate 1048576 bytes for AllocateHeap
# Possible reasons:
#   The system is out of physical RAM or swap space
#   The process is running with CompressedOops enabled, and the Java Heap may be blocking the growth of the native heap
# Possible solutions:
#   Reduce memory load on the system
#   Increase physical memory or swap space
#   Check if swap backing store is full
#   Decrease Java heap size (-Xmx/-Xms)
#   Decrease number of Java threads
#   Decrease Java thread stack sizes (-Xss)
#   Set larger code cache with -XX:ReservedCodeCacheSize=
#   JVM is running with Unscaled Compressed Oops mode in which the Java heap is
#     placed in the first 4GB address space. The Java Heap base address is the
#     maximum limit for the native heap growth. Please use -XX:HeapBaseMinAddress
#     to set the Java Heap base and to place the Java Heap above 4GB virtual address.
# This output file may be truncated or incomplete.
#
#  Out of Memory Error (./src/hotspot/share/memory/allocation.cpp:46), pid=15396, tid=11772
#
# JRE version:  (11.0.11+9) (build )
# Java VM: OpenJDK 64-Bit Server VM (11.0.11+9-b60-7590822, mixed mode, sharing, tiered, compressed oops, g1 gc, windows-amd64)
# No core dump will be written. Minidumps are not enabled by default on client versions of Windows
#

---------------  S U M M A R Y ------------

Command Line: org.jetbrains.git4idea.http.GitAskPassApp Username for 'https://github.com': 

Host: Intel(R) Core(TM) i3-10100F CPU @ 3.60GHz, 8 cores, 15G,  Windows 10 , 64 bit Build 22000 (10.0.22000.708)
Time: Wed Aug 17 11:36:05 2022 SE Asia Standard Time elapsed time: 0.005849 seconds (0d 0h 0m 0s)

---------------  T H R E A D  ---------------

Current thread (0x0000026b8b6b3800):  JavaThread "Unknown thread" [_thread_in_vm, id=11772, stack(0x000000fd16e00000,0x000000fd16f00000)]

Stack: [0x000000fd16e00000,0x000000fd16f00000]
Native frames: (J=compiled Java code, j=interpreted, Vv=VM code, C=native code)
V  [jvm.dll+0x5f214a]
V  [jvm.dll+0x726fb5]
V  [jvm.dll+0x7285cd]
V  [jvm.dll+0x728c83]
V  [jvm.dll+0x243278]
V  [jvm.dll+0xb3a34]
V  [jvm.dll+0x2d5848]
V  [jvm.dll+0x705b97]
V  [jvm.dll+0x70739c]
V  [jvm.dll+0x3598f9]
V  [jvm.dll+0x6e931e]
V  [jvm.dll+0x3c1c43]
V  [jvm.dll+0x3c3e81]
C  [jli.dll+0x5373]
C  [ucrtbase.dll+0x26c0c]
C  [KERNEL32.DLL+0x154e0]
C  [ntdll.dll+0x485b]


---------------  P R O C E S S  ---------------

Threads class SMR info:
_java_thread_list=0x0000026b89444840, length=0, elements={
}

Java Threads: ( => current thread )

Other Threads:

=>0x0000026b8b6b3800 (exited) JavaThread "Unknown thread" [_thread_in_vm, id=11772, stack(0x000000fd16e00000,0x000000fd16f00000)]

Threads with active compile tasks:

VM state:not at safepoint (not fully initialized)

VM Mutex/Monitor currently owned by a thread: None


[error occurred during error reporting (printing compressed oops mode), id 0xc0000005, EXCEPTION_ACCESS_VIOLATION (0xc0000005) at pc=0x00007ff9275a69e7]

GC Heap History (0 events):
No events

Deoptimization events (0 events):
No events

Classes redefined (0 events):
No events

Internal exceptions (0 events):
No events

Events (1 events):
Event: 0.004 Loaded shared library C:\Program Files\Android\Android Studio\jre\bin\zip.dll


Dynamic libraries:
0x00007ff7e2650000 - 0x00007ff7e265a000 	C:\Program Files\Android\Android Studio\jre\bin\java.exe
0x00007ff965840000 - 0x00007ff965a49000 	C:\Windows\SYSTEM32\ntdll.dll
0x00007ff964f60000 - 0x00007ff96501d000 	C:\Windows\System32\KERNEL32.DLL
0x00007ff963120000 - 0x00007ff96349d000 	C:\Windows\System32\KERNELBASE.dll
0x00007ff963000000 - 0x00007ff963111000 	C:\Windows\System32\ucrtbase.dll
0x00007ff950e90000 - 0x00007ff950ea7000 	C:\Program Files\Android\Android Studio\jre\bin\VCRUNTIME140.dll
0x00007ff95f3f0000 - 0x00007ff95f409000 	C:\Program Files\Android\Android Studio\jre\bin\jli.dll
0x00007ff964db0000 - 0x00007ff964f5d000 	C:\Windows\System32\USER32.dll
0x00007ff94ffb0000 - 0x00007ff950255000 	C:\Windows\WinSxS\amd64_microsoft.windows.common-controls_6595b64144ccf1df_6.0.22000.120_none_9d947278b86cc467\COMCTL32.dll
0x00007ff962dc0000 - 0x00007ff962de6000 	C:\Windows\System32\win32u.dll
0x00007ff964550000 - 0x00007ff9645f3000 	C:\Windows\System32\msvcrt.dll
0x00007ff9657d0000 - 0x00007ff9657f9000 	C:\Windows\System32\GDI32.dll
0x00007ff962df0000 - 0x00007ff962f08000 	C:\Windows\System32\gdi32full.dll
0x00007ff962d20000 - 0x00007ff962dbd000 	C:\Windows\System32\msvcp_win.dll
0x00007ff963e90000 - 0x00007ff963ec1000 	C:\Windows\System32\IMM32.DLL
0x00007ff911810000 - 0x00007ff9118ad000 	C:\Program Files\Android\Android Studio\jre\bin\msvcp140.dll
0x00007ff926ea0000 - 0x00007ff927975000 	C:\Program Files\Android\Android Studio\jre\bin\server\jvm.dll
0x00007ff964680000 - 0x00007ff96472e000 	C:\Windows\System32\ADVAPI32.dll
0x00007ff964d10000 - 0x00007ff964dae000 	C:\Windows\System32\sechost.dll
0x00007ff964430000 - 0x00007ff964550000 	C:\Windows\System32\RPCRT4.dll
0x00007ff965480000 - 0x00007ff965488000 	C:\Windows\System32\PSAPI.DLL
0x00007ff960210000 - 0x00007ff960219000 	C:\Windows\SYSTEM32\WSOCK32.dll
0x00007ff95d4a0000 - 0x00007ff95d4d3000 	C:\Windows\SYSTEM32\WINMM.dll
0x00007ff95c020000 - 0x00007ff95c02a000 	C:\Windows\SYSTEM32\VERSION.dll
0x00007ff9642d0000 - 0x00007ff96433f000 	C:\Windows\System32\WS2_32.dll
0x00007ff961e20000 - 0x00007ff961e38000 	C:\Windows\SYSTEM32\kernel.appcore.dll
0x00007ff95f4a0000 - 0x00007ff95f4b1000 	C:\Program Files\Android\Android Studio\jre\bin\verify.dll
0x00007ff94d7b0000 - 0x00007ff94d9d1000 	C:\Windows\SYSTEM32\DBGHELP.DLL
0x00007ff9577c0000 - 0x00007ff9577f1000 	C:\Windows\SYSTEM32\dbgcore.DLL
0x00007ff962f80000 - 0x00007ff962fff000 	C:\Windows\System32\bcryptPrimitives.dll
0x00007ff95f470000 - 0x00007ff95f499000 	C:\Program Files\Android\Android Studio\jre\bin\java.dll
0x00007ff95f460000 - 0x00007ff95f46b000 	C:\Program Files\Android\Android Studio\jre\bin\jimage.dll
0x00007ff95f440000 - 0x00007ff95f458000 	C:\Program Files\Android\Android Studio\jre\bin\zip.dll

dbghelp: loaded successfully - version: 4.0.5 - missing functions: none
symbol engine: initialized successfully - sym options: 0x614 - pdb path: .;C:\Program Files\Android\Android Studio\jre\bin;C:\Windows\SYSTEM32;C:\Windows\WinSxS\amd64_microsoft.windows.common-controls_6595b64144ccf1df_6.0.22000.120_none_9d947278b86cc467;C:\Program Files\Android\Android Studio\jre\bin\server

VM Arguments:
java_command: org.jetbrains.git4idea.http.GitAskPassApp Username for 'https://github.com': 
java_class_path (initial): C:/Program Files/Android/Android Studio/plugins/git4idea/lib/git4idea-rt.jar;C:/Program Files/Android/Android Studio/lib/xmlrpc-2.0.1.jar;C:/Program Files/Android/Android Studio/lib/commons-codec-1.15.jar
Launcher Type: SUN_STANDARD

[Global flags]
     intx CICompilerCount                          = 4                                         {product} {ergonomic}
     uint G1ConcRefinementThreads                  = 8                                         {product} {ergonomic}
   size_t G1HeapRegionSize                         = 1048576                                   {product} {ergonomic}
    uintx GCDrainStackTargetSize                   = 64                                        {product} {ergonomic}
   size_t InitialHeapSize                          = 268435456                                 {product} {ergonomic}
   size_t MaxHeapSize                              = 4280287232                                {product} {ergonomic}
   size_t MinHeapDeltaBytes                        = 1048576                                   {product} {ergonomic}
    uintx NonNMethodCodeHeapSize                   = 5836300                                {pd product} {ergonomic}
    uintx NonProfiledCodeHeapSize                  = 122910970                              {pd product} {ergonomic}
    uintx ProfiledCodeHeapSize                     = 122910970                              {pd product} {ergonomic}
    uintx ReservedCodeCacheSize                    = 251658240                              {pd product} {ergonomic}
     bool SegmentedCodeCache                       = true                                      {product} {ergonomic}
     bool UseCompressedClassPointers               = true                                 {lp64_product} {ergonomic}
     bool UseCompressedOops                        = true                                 {lp64_product} {ergonomic}
     bool UseG1GC                                  = true                                      {product} {ergonomic}
     bool UseLargePagesIndividualAllocation        = false                                  {pd product} {ergonomic}

Logging:
Log output configuration:
 #0: stdout all=warning uptime,level,tags
 #1: stderr all=off uptime,level,tags

Environment Variables:
JAVA_HOME=C:\Program Files\Java\jdk-11
PATH=C:\Program Files\Git\mingw64\libexec\git-core;C:\Program Files\Git\mingw64\libexec\git-core;C:\Program Files\Git\mingw64\bin;C:\Program Files\Git\usr\bin;C:\Users\Sansan\bin;C:\Program Files\Zulu\zulu-8\bin;C:\Windows\system32;C:\Windows;C:\Windows\System32\Wbem;C:\Windows\System32\WindowsPowerShell\v1.0;C:\Windows\System32\OpenSSH;C:\Program Files (x86)\NVIDIA Corporation\PhysX\Common;C:\Program Files\NVIDIA Corporation\NVIDIA NvDLISR;C:\Program Files\nodejs;C:\xampp\php;C:\ProgramData\ComposerSetup\bin;C:\Users\Sansan\AppData\Local\Microsoft\WindowsApps;C:\Users\Sansan\AppData\Local\Programs\Microsoft VS Code\bin;C:\mysql\bin;C:\Program Files\Git\usr\bin;C:\Users\Sansan\go\bin;C:\src\flutter\bin;C:\Users\Sansan\AppData\Roaming\npm;C:\Program Files\heroku\bin;C:\Users\Sansan\AppData\Roaming\Composer\vendor\bin;C:\Windows\System32;C:\Program Files\JetBrains\IntelliJ IDEA Community Edition 2021.3.3\bin;C:\Program Files\Java\jdk-11\bin;C:\adb;C:\Users\Sansan\AppData\Local\Microsoft\WindowsApps;C:\Users\Sansan\AppData\Local\Programs\Microsoft VS Code\bin;C:\mysql\bin;C:\Program Files\Git\usr\bin;C:\src\flutter\bin;C:\Users\Sansan\AppData\Roaming\npm;C:\Program Files\heroku\bin;C:\Users\Sansan\AppData\Roaming\Composer\vendor\bin;C:\Windows\System32;C:\Program Files\JetBrains\IntelliJ IDEA Community Edition 2021.3.3\bin;C:\Program Files\Java\jdk-11\bin
USERNAME=Sansan
DISPLAY=:0.0
LC_ALL=en_US.UTF-8
OS=Windows_NT
PROCESSOR_IDENTIFIER=Intel64 Family 6 Model 165 Stepping 3, GenuineIntel



---------------  S Y S T E M  ---------------

OS: Windows 10 , 64 bit Build 22000 (10.0.22000.708)
OS uptime: 0 days 19:37 hours

CPU:total 8 (initial active 8) (4 cores per cpu, 2 threads per core) family 6 model 165 stepping 3 microcode 0xe0, cmov, cx8, fxsr, mmx, sse, sse2, sse3, ssse3, sse4.1, sse4.2, popcnt, avx, avx2, aes, clmul, erms, 3dnowpref, lzcnt, ht, tsc, tscinvbit, bmi1, bmi2, adx, fma

Memory: 4k page, system-wide physical 16322M (486M free)
TotalPageFile size 25519M (AvailPageFile size 5M)
current process WorkingSet (physical memory assigned to process): 9M, peak: 9M
current process commit charge ("private bytes"): 16M, peak: 17M

vm_info: OpenJDK 64-Bit Server VM (11.0.11+9-b60-7590822) for windows-amd64 JRE (11.0.11+9-b60-7590822), built on Jul 29 2021 21:43:44 by "builder" with MS VC++ 14.0 (VS2015)

END.
